<?xml version="1.0" encoding="UTF-8"?>
<!-- Generated by org.testng.reporters.JUnitReportReporter -->
<testsuite hostname="DESKTOP-02HBPHB" failures="0" tests="1" name="TestNGPack.NewTest" time="0.017" errors="0" timestamp="05 Jan 2021 21:21:59 GMT" skipped="0">
  <testcase classname="TestNGPack.NewTest" name="f" time="0.017"/>
</testsuite> <!-- TestNGPack.NewTest -->
