<?xml version="1.0" encoding="UTF-8"?>
<!-- Generated by org.testng.reporters.JUnitReportReporter -->
<testsuite hostname="DESKTOP-02HBPHB" failures="0" tests="1" name="TestNGPack.Test1" time="0.043" errors="0" timestamp="05 Jan 2021 21:23:26 GMT" skipped="0">
  <testcase classname="TestNGPack.Test1" name="method1" time="0.043"/>
</testsuite> <!-- TestNGPack.Test1 -->
